[debug] [2020-08-07T18:48:21.898Z] ----------------------------------------------------------------------
[debug] [2020-08-07T18:48:21.905Z] Command:       C:\Program Files\nodejs\node.exe C:\Users\HP-840G2\AppData\Roaming\npm\node_modules\firebase-tools\lib\bin\firebase.js init
[debug] [2020-08-07T18:48:21.905Z] CLI Version:   7.14.0
[debug] [2020-08-07T18:48:21.906Z] Platform:      win32
[debug] [2020-08-07T18:48:21.906Z] Node Version:  v12.16.1
[debug] [2020-08-07T18:48:21.909Z] Time:          Fri Aug 07 2020 23:48:21 GMT+0500 (Pakistan Standard Time)
[debug] [2020-08-07T18:48:21.909Z] ----------------------------------------------------------------------
[debug] [2020-08-07T18:48:21.909Z] 
[debug] [2020-08-07T18:48:21.936Z] > command requires scopes: ["email","openid","https://www.googleapis.com/auth/cloudplatformprojects.readonly","https://www.googleapis.com/auth/firebase","https://www.googleapis.com/auth/cloud-platform"]
[debug] [2020-08-07T18:48:21.937Z] > authorizing via signed-in user
[info] 
     ######## #### ########  ######## ########     ###     ######  ########
     ##        ##  ##     ## ##       ##     ##  ##   ##  ##       ##
     ######    ##  ########  ######   ########  #########  ######  ######
     ##        ##  ##    ##  ##       ##     ## ##     ##       ## ##
     ##       #### ##     ## ######## ########  ##     ##  ######  ########

You're about to initialize a Firebase project in this directory:

  C:\Users\HP-840G2\Desktop\Web and Mobile Hybrid App Dev (Saylani)\JAVASCRIPT continue\Applications\QuizApp-JS

[info] 
=== Project Setup
[info] 
[info] First, let's associate this project directory with a Firebase project.
[info] You can create multiple project aliases by running firebase use --add, 
[info] but for now we'll just set up a default project.
[info] 
